  CS201R-PGM6.cpp
  Functions.cpp
  Movie.cpp
C:\Users\ADEEBA\C++\Program 7 part 2\CS201R-PGM6\Functions.cpp(143,25): warning C4267: 'return': conversion from 'size_t' to 'int', possible loss of data
C:\Users\ADEEBA\C++\Program 7 part 2\CS201R-PGM6\Functions.cpp(337,33): error C2039: 'getDirector': is not a member of 'Movie'
      C:\Users\ADEEBA\C++\Program 7 part 2\CS201R-PGM6\Media.h(42,7):
      see declaration of 'Movie'
  
C:\Users\ADEEBA\C++\Program 7 part 2\CS201R-PGM6\Functions.cpp(352,31): error C2039: 'getArtist': is not a member of 'Song'
      C:\Users\ADEEBA\C++\Program 7 part 2\CS201R-PGM6\Media.h(70,7):
      see declaration of 'Song'
  
C:\Users\ADEEBA\C++\Program 7 part 2\CS201R-PGM6\Movie.h(6,7): error C2011: 'Movie': 'class' type redefinition
  (compiling source file 'Movie.cpp')
      C:\Users\ADEEBA\C++\Program 7 part 2\CS201R-PGM6\Media.h(42,7):
      see declaration of 'Movie'
  
C:\Users\ADEEBA\C++\Program 7 part 2\CS201R-PGM6\Movie.cpp(3,8): error C2027: use of undefined type 'Movie'
      C:\Users\ADEEBA\C++\Program 7 part 2\CS201R-PGM6\Media.h(42,7):
      see declaration of 'Movie'
  
C:\Users\ADEEBA\C++\Program 7 part 2\CS201R-PGM6\Movie.cpp(3,8): error C4430: missing type specifier - int assumed. Note: C++ does not support default-int
C:\Users\ADEEBA\C++\Program 7 part 2\CS201R-PGM6\Movie.cpp(4,53): error C2550: '{ctor}': constructor initializer lists are only allowed on constructor definitions
C:\Users\ADEEBA\C++\Program 7 part 2\CS201R-PGM6\Movie.cpp(4,54): warning C4508: '{ctor}': function should return a value; 'void' return type assumed
C:\Users\ADEEBA\C++\Program 7 part 2\CS201R-PGM6\Movie.cpp(6,20): error C2027: use of undefined type 'Movie'
      C:\Users\ADEEBA\C++\Program 7 part 2\CS201R-PGM6\Media.h(42,7):
      see declaration of 'Movie'
  
C:\Users\ADEEBA\C++\Program 7 part 2\CS201R-PGM6\Movie.cpp(6,20): error C2270: 'getDirector': modifiers not allowed on nonmember functions
C:\Users\ADEEBA\C++\Program 7 part 2\CS201R-PGM6\Movie.cpp(7,12): error C2065: 'director': undeclared identifier
  Generating Code...
